A51 MACRO ASSEMBLER  SPIWRITE                                                             03/09/2005 17:50:20 PAGE     1


MACRO ASSEMBLER A51 V6.01
OBJECT MODULE PLACED IN .\spiwrite.OBJ
ASSEMBLER INVOKED BY: H:\Keil\C51\BIN\A51.EXE .\spiwrite.a51 SET(SMALL) DEBUG EP

LOC  OBJ            LINE     SOURCE

                       1     ;
                       2     ; spiwrite.a51 4-19-00 ott
                       3     ; This routine takes a byte variable and
                       4     ; shifts it out with the clock
                       5     ; worst case bit rate of 250kHz
                       6     ; byte rate of 35 kHz
                       7     ;
                       8     
                       9     ?PR?SPIWRITEBYTE?MODULE segment code
                      10     ?DT?SPIWRITEBYTE?MODULE segment data overlayable
                      11     
                      12     PUBLIC _spiwritebyte, ?_spiwritebyte?BYTE
                      13     
----                  14     rseg ?DT?SPIWRITEBYTE?MODULE
0000                  15     ?_spiwritebyte?BYTE:
0000                  16     d: ds 1
                      17     
----                  18     rseg ?PR?SPIWRITEBYTE?MODULE
                      19     
  0002                20     CLKHIGH equ 00000010B ;Bitmask to turn clk pin high
  00FD                21     CLKLOW equ 11111101B ;Bitmask to turn clk pin low
  0004                22     BITHIGH equ 00000100B ;Bitmask to turn out pin high
  00FB                23     BITLOW equ 11111011B ;Bitmask to turn out pin low
                      24     
  7F98                25     OUTC XDATA 7F98H
                      26     
0000                  27     _spiwritebyte:
0000 907F98           28     mov DPTR,#OUTC ;point to outc
0003 7E08             29     mov R6, #8 ;set up loop
                      30     
0005                  31     loop:
0005 EF               32     mov A, R7 ;move data to send to A
0006 33               33     rlc A ;rotate left through carry
0007 FF               34     mov R7, A ;save rotated
0008 E0               35     movx A, @DPTR ;setup to change bit
0009 4004             36     jc highbit ;if bit is high jump
000B 54FB             37     anl A, #BITLOW ;else set bit low
000D 8002             38     sjmp skip ;skip setting bit high
                      39     
000F                  40     highbit:
000F 4404             41     orl A, #BITHIGH ;set out high and clock
                      42     
0011                  43     skip:
0011 4402             44     orl A, #CLKHIGH ;set clock bit high
0013 F0               45     movx @DPTR, A ;output data
                      46     ; nop ;may need this to stretch clock high time
0014 54FD             47     anl A, #CLKLOW ;set clock low
0016 F0               48     movx @DPTR, A ;output low clock
0017 DEEC             49     djnz R6, loop ;repeat eight times
0019 22               50     ret
                      51     end
A51 MACRO ASSEMBLER  SPIWRITE                                                             03/09/2005 17:50:20 PAGE     2

SYMBOL TABLE LISTING
------ ----- -------


N A M E                  T Y P E  V A L U E   ATTRIBUTES

?DT?SPIWRITEBYTE?MODULE  D SEG    0001H       REL=UNIT
?PR?SPIWRITEBYTE?MODULE  C SEG    001AH       REL=UNIT
?_SPIWRITEBYTE?BYTE . .  D ADDR   0000H   R   SEG=?DT?SPIWRITEBYTE?MODULE
BITHIGH . . . . . . . .  N NUMB   0004H   A   
BITLOW. . . . . . . . .  N NUMB   00FBH   A   
CLKHIGH . . . . . . . .  N NUMB   0002H   A   
CLKLOW. . . . . . . . .  N NUMB   00FDH   A   
D . . . . . . . . . . .  D ADDR   0000H   R   SEG=?DT?SPIWRITEBYTE?MODULE
HIGHBIT . . . . . . . .  C ADDR   000FH   R   SEG=?PR?SPIWRITEBYTE?MODULE
LOOP. . . . . . . . . .  C ADDR   0005H   R   SEG=?PR?SPIWRITEBYTE?MODULE
OUTC. . . . . . . . . .  X ADDR   7F98H   A   
SKIP. . . . . . . . . .  C ADDR   0011H   R   SEG=?PR?SPIWRITEBYTE?MODULE
_SPIWRITEBYTE . . . . .  C ADDR   0000H   R   SEG=?PR?SPIWRITEBYTE?MODULE


REGISTER BANK(S) USED: 0 


ASSEMBLY COMPLETE.  0 WARNING(S), 0 ERROR(S)
